2025-10-17 13:15:51.435 [Information] [ee7d2888-4677-4b3a-b98c-998b2297326] nomeFila: teste, conversastionid: ee7d2888-4677-4b3a-b98c-998b2297326, email: ronaldo.morais@alctel.com.br, cpf: 37002490630, protocolo: 1825133340777, navegacao: MenuInicial_Digital|4-Saúde|7-Segurança e Saúde no Trabalho (SST)|2 - Segurança e Saúde no Trabalho (SST) em Belo Horizonte, emailCliente: , cancel: False
2025-10-17 13:15:51.531 [Information] [ee7d2888-4677-4b3a-b98c-998b2297326] Usuário não logado no GT. Logando...
2025-10-17 13:15:51.880 [Information] [ee7d2888-4677-4b3a-b98c-998b2297326] {"idPerfil":1,"idUser":30,"perfil":"Administrador","nomeCompleto":"Ronaldo Aparecido de Souza Morais","statusUser":true,"statusPerfil":true}
2025-10-17 13:15:51.888 [Information] [ee7d2888-4677-4b3a-b98c-998b2297326] Usuário localizado. Criando sessão...
2025-10-17 13:17:09.259 [Information] [ee7d2888-4677-4b3a-b98c-998b2297326] nomeFila: teste, conversastionid: ee7d2888-4677-4b3a-b98c-998b2297326, email: ronaldo.morais@alctel.com.br, cpf: 37002490630, protocolo: 1825133340777, navegacao: MenuInicial_Digital|4-Saúde|7-Segurança e Saúde no Trabalho (SST)|2 - Segurança e Saúde no Trabalho (SST) em Belo Horizonte, emailCliente: , cancel: False
2025-10-17 13:17:36.723 [Information] [ee7d2888-4677-4b3a-b98c-998b2297326] nomeFila: teste, conversastionid: ee7d2888-4677-4b3a-b98c-998b2297326, email: ronaldo.morais@alctel.com.br, cpf: 37002490630, protocolo: 1825133340777, navegacao: MenuInicial_Digital|4-Saúde|7-Segurança e Saúde no Trabalho (SST)|2 - Segurança e Saúde no Trabalho (SST) em Belo Horizonte, emailCliente: , cancel: False
2025-10-17 13:27:54.780 [Information] [ee7d2888-4677-4b3a-b98c-998b2297326] nomeFila: teste, conversastionid: ee7d2888-4677-4b3a-b98c-998b2297326, email: ronaldo.morais@alctel.com.br, cpf: 37002490630, protocolo: 1825133340777, navegacao: MenuInicial_Digital|4-Saúde|7-Segurança e Saúde no Trabalho (SST)|2 - Segurança e Saúde no Trabalho (SST) em Belo Horizonte, emailCliente: , cancel: False
2025-10-17 13:27:54.941 [Information] [ee7d2888-4677-4b3a-b98c-998b2297326] Usuário não logado no GT. Logando...
2025-10-17 13:27:55.374 [Information] [ee7d2888-4677-4b3a-b98c-998b2297326] {"idPerfil":1,"idUser":30,"perfil":"Administrador","nomeCompleto":"Ronaldo Aparecido de Souza Morais","statusUser":true,"statusPerfil":true}
2025-10-17 13:27:55.378 [Information] [ee7d2888-4677-4b3a-b98c-998b2297326] Usuário localizado. Criando sessão...
2025-10-17 13:28:10.117 [Information] [ee7d2888-4677-4b3a-b98c-998b2297326] usuário da sessão: 30
2025-10-17 13:28:10.233 [Information] [ee7d2888-4677-4b3a-b98c-998b2297326] Ticket para ser salvo: {"idCliente":3885,"protocolo":"1825133340777","conversationId":"ee7d2888-4677-4b3a-b98c-998b2297326","cpf":"37002490630","nomeCompleto":"ADAIR SANTOS RODRIGUES COSTA","idStatusChamado":3,"idCriticidadeChamado":2,"idFilaGT":1,"observacaoDemanda":"Teste","slaInicial":1,"navegacao":"MenuInicial_Digital|4-Saúde|7-Segurança e Saúde no Trabalho (SST)|2 - Segurança e Saúde no Trabalho (SST) em Belo Horizonte","fila":"teste","protocoloPai":"2025101313640","idUsuario":30,"informacaoDemanda":null,"solucionado":true}
2025-10-17 13:28:10.371 [Information] [ee7d2888-4677-4b3a-b98c-998b2297326] Ticket {"idCliente":3885,"protocolo":"1825133340777","conversationId":"ee7d2888-4677-4b3a-b98c-998b2297326","cpf":"37002490630","nomeCompleto":"ADAIR SANTOS RODRIGUES COSTA","idStatusChamado":3,"idCriticidadeChamado":2,"idFilaGT":1,"observacaoDemanda":"Teste","slaInicial":1,"navegacao":"MenuInicial_Digital|4-Saúde|7-Segurança e Saúde no Trabalho (SST)|2 - Segurança e Saúde no Trabalho (SST) em Belo Horizonte","fila":"teste","protocoloPai":"2025101313640","idUsuario":30,"informacaoDemanda":null,"solucionado":true}. RETORNO: Alctel.CRM.Business.Model.ResponseServiceModel
2025-10-17 13:28:11.510 [Information] [ee7d2888-4677-4b3a-b98c-998b2297326] Classificação {"ClassificationDemandId":null,"ClassificationDemandOptions":[],"ClassificationDemandTypeId":null,"ClassificationDemandTypeOptions":[],"ClassificationReasonId":null,"ClassificationReasonOptions":[],"ClassificationReasonListItemId":null,"ClassificationReasonListItemOptions":[],"ClassificationSubmotive01Id":null,"ClassificationSubmotive01Options":[],"ClassificationSubmotive01ListItemId":null,"ClassificationSubmotive01ListItemOptions":[],"ClassificationSubmotive02Id":null,"ClassificationSubmotive02Options":[],"ClassificationSubmotive02ListItemId":null,"ClassificationSubmotive02ListItemOptions":[]}
2025-10-17 13:30:23.289 [Information] [ee7d2888-4677-4b3a-b98c-998b2297336] nomeFila: teste, conversastionid: ee7d2888-4677-4b3a-b98c-998b2297336, email: ronaldo.morais@alctel.com.br, cpf: 37002490630, protocolo: 1725133340777, navegacao: MenuInicial_Digital|4-Saúde|7-Segurança e Saúde no Trabalho (SST)|2 - Segurança e Saúde no Trabalho (SST) em Belo Horizonte, emailCliente: , cancel: False
2025-10-17 13:36:39.741 [Information] [ee7d2888-4677-4b3a-b98c-998b2297336] nomeFila: teste, conversastionid: ee7d2888-4677-4b3a-b98c-998b2297336, email: ronaldo.morais@alctel.com.br, cpf: 37002490630, protocolo: 1725133340777, navegacao: MenuInicial_Digital|4-Saúde|7-Segurança e Saúde no Trabalho (SST)|2 - Segurança e Saúde no Trabalho (SST) em Belo Horizonte, emailCliente: , cancel: False
2025-10-17 13:38:37.203 [Information] [ee7d2888-4677-4b3a-b98c-998b2297336] nomeFila: teste, conversastionid: ee7d2888-4677-4b3a-b98c-998b2297336, email: ronaldo.morais@alctel.com.br, cpf: 37002490630, protocolo: 1725133340777, navegacao: MenuInicial_Digital|4-Saúde|7-Segurança e Saúde no Trabalho (SST)|2 - Segurança e Saúde no Trabalho (SST) em Belo Horizonte, emailCliente: , cancel: False
2025-10-17 13:38:37.300 [Information] [ee7d2888-4677-4b3a-b98c-998b2297336] Usuário não logado no GT. Logando...
2025-10-17 13:38:37.702 [Information] [ee7d2888-4677-4b3a-b98c-998b2297336] {"idPerfil":1,"idUser":30,"perfil":"Administrador","nomeCompleto":"Ronaldo Aparecido de Souza Morais","statusUser":true,"statusPerfil":true}
2025-10-17 13:38:37.710 [Information] [ee7d2888-4677-4b3a-b98c-998b2297336] Usuário localizado. Criando sessão...
2025-10-17 13:41:59.785 [Information] [ee7d2888-4677-4b3a-b98c-998b2297336] nomeFila: teste, conversastionid: ee7d2888-4677-4b3a-b98c-998b2297336, email: ronaldo.morais@alctel.com.br, cpf: 37002490630, protocolo: 1725133340777, navegacao: MenuInicial_Digital|4-Saúde|7-Segurança e Saúde no Trabalho (SST)|2 - Segurança e Saúde no Trabalho (SST) em Belo Horizonte, emailCliente: , cancel: False
2025-10-17 13:41:59.850 [Information] [ee7d2888-4677-4b3a-b98c-998b2297336] Usuário não logado no GT. Logando...
2025-10-17 13:42:00.324 [Information] [ee7d2888-4677-4b3a-b98c-998b2297336] {"idPerfil":1,"idUser":30,"perfil":"Administrador","nomeCompleto":"Ronaldo Aparecido de Souza Morais","statusUser":true,"statusPerfil":true}
2025-10-17 13:42:00.332 [Information] [ee7d2888-4677-4b3a-b98c-998b2297336] Usuário localizado. Criando sessão...
2025-10-17 13:42:57.118 [Information] [ee7d2888-4677-4b3a-b98c-998b2297336] nomeFila: teste, conversastionid: ee7d2888-4677-4b3a-b98c-998b2297336, email: ronaldo.morais@alctel.com.br, cpf: 37002490630, protocolo: 1725133340777, navegacao: MenuInicial_Digital|4-Saúde|7-Segurança e Saúde no Trabalho (SST)|2 - Segurança e Saúde no Trabalho (SST) em Belo Horizonte, emailCliente: , cancel: False
2025-10-17 13:42:57.190 [Information] [ee7d2888-4677-4b3a-b98c-998b2297336] Usuário não logado no GT. Logando...
2025-10-17 13:42:57.569 [Information] [ee7d2888-4677-4b3a-b98c-998b2297336] {"idPerfil":1,"idUser":30,"perfil":"Administrador","nomeCompleto":"Ronaldo Aparecido de Souza Morais","statusUser":true,"statusPerfil":true}
2025-10-17 13:42:57.576 [Information] [ee7d2888-4677-4b3a-b98c-998b2297336] Usuário localizado. Criando sessão...
2025-10-17 13:45:38.916 [Information] [ee7d2888-4677-4b3a-b98c-998b2297336] nomeFila: teste, conversastionid: ee7d2888-4677-4b3a-b98c-998b2297336, email: ronaldo.morais@alctel.com.br, cpf: 37002490630, protocolo: 1725133340777, navegacao: MenuInicial_Digital|4-Saúde|7-Segurança e Saúde no Trabalho (SST)|2 - Segurança e Saúde no Trabalho (SST) em Belo Horizonte, emailCliente: , cancel: False
2025-10-17 13:45:38.985 [Information] [ee7d2888-4677-4b3a-b98c-998b2297336] Usuário não logado no GT. Logando...
2025-10-17 13:45:39.367 [Information] [ee7d2888-4677-4b3a-b98c-998b2297336] {"idPerfil":1,"idUser":30,"perfil":"Administrador","nomeCompleto":"Ronaldo Aparecido de Souza Morais","statusUser":true,"statusPerfil":true}
2025-10-17 13:45:39.374 [Information] [ee7d2888-4677-4b3a-b98c-998b2297336] Usuário localizado. Criando sessão...
2025-10-17 13:47:17.928 [Information] [ee7d2888-4677-4b3a-b98c-998b2297336] nomeFila: teste, conversastionid: ee7d2888-4677-4b3a-b98c-998b2297336, email: ronaldo.morais@alctel.com.br, cpf: 37002490630, protocolo: 1725133340777, navegacao: MenuInicial_Digital|4-Saúde|7-Segurança e Saúde no Trabalho (SST)|2 - Segurança e Saúde no Trabalho (SST) em Belo Horizonte, emailCliente: , cancel: False
2025-10-17 13:47:17.985 [Information] [ee7d2888-4677-4b3a-b98c-998b2297336] Usuário não logado no GT. Logando...
2025-10-17 13:47:18.325 [Information] [ee7d2888-4677-4b3a-b98c-998b2297336] {"idPerfil":1,"idUser":30,"perfil":"Administrador","nomeCompleto":"Ronaldo Aparecido de Souza Morais","statusUser":true,"statusPerfil":true}
2025-10-17 13:47:18.332 [Information] [ee7d2888-4677-4b3a-b98c-998b2297336] Usuário localizado. Criando sessão...
2025-10-17 13:58:06.723 [Information] [ee7d2888-4677-4b3a-b98c-998b2297336] nomeFila: teste, conversastionid: ee7d2888-4677-4b3a-b98c-998b2297336, email: ronaldo.morais@alctel.com.br, cpf: 37002490630, protocolo: 1725133340777, navegacao: MenuInicial_Digital|4-Saúde|7-Segurança e Saúde no Trabalho (SST)|2 - Segurança e Saúde no Trabalho (SST) em Belo Horizonte, emailCliente: , cancel: False
2025-10-17 13:58:06.833 [Information] [ee7d2888-4677-4b3a-b98c-998b2297336] Usuário não logado no GT. Logando...
2025-10-17 13:58:07.268 [Information] [ee7d2888-4677-4b3a-b98c-998b2297336] {"idPerfil":1,"idUser":30,"perfil":"Administrador","nomeCompleto":"Ronaldo Aparecido de Souza Morais","statusUser":true,"statusPerfil":true}
2025-10-17 13:58:07.275 [Information] [ee7d2888-4677-4b3a-b98c-998b2297336] Usuário localizado. Criando sessão...
