2025-10-16 15:48:38.147 [Information] [ee7d2888-4677-4b3a-b98c-998b2297326] nomeFila: teste, conversastionid: ee7d2888-4677-4b3a-b98c-998b2297326, email: ronaldo.morais@alctel.com.br, cpf: 37002490630, protocolo: 1825133340777, navegacao: MenuInicial_Digital|4-Saúde|7-Segurança e Saúde no Trabalho (SST)|2 - Segurança e Saúde no Trabalho (SST) em Belo Horizonte, emailCliente: , cancel: False
2025-10-16 15:48:38.232 [Information] [ee7d2888-4677-4b3a-b98c-998b2297326] Usuário não logado no GT. Logando...
2025-10-16 15:48:59.638 [Information] [ee7d2888-4677-4b3a-b98c-998b2297326] {"idPerfil":0,"idUser":0,"perfil":null,"nomeCompleto":null,"statusUser":false,"statusPerfil":false}
2025-10-16 15:48:59.645 [Error] [ee7d2888-4677-4b3a-b98c-998b2297326] Erro nos dados do usuário...
2025-10-16 15:49:36.247 [Information] [ee7d2888-4677-4b3a-b98c-998b2297326] nomeFila: teste, conversastionid: ee7d2888-4677-4b3a-b98c-998b2297326, email: ronaldo.morais@alctel.com.br, cpf: 37002490630, protocolo: 1825133340777, navegacao: MenuInicial_Digital|4-Saúde|7-Segurança e Saúde no Trabalho (SST)|2 - Segurança e Saúde no Trabalho (SST) em Belo Horizonte, emailCliente: , cancel: False
2025-10-16 15:49:36.252 [Information] [ee7d2888-4677-4b3a-b98c-998b2297326] Usuário não logado no GT. Logando...
2025-10-16 15:49:38.496 [Information] [ee7d2888-4677-4b3a-b98c-998b2297326] {"idPerfil":0,"idUser":0,"perfil":null,"nomeCompleto":null,"statusUser":false,"statusPerfil":false}
2025-10-16 15:49:42.419 [Error] [ee7d2888-4677-4b3a-b98c-998b2297326] Erro nos dados do usuário...
2025-10-16 15:49:47.072 [Information] [ee7d2888-4677-4b3a-b98c-998b2297326] nomeFila: teste, conversastionid: ee7d2888-4677-4b3a-b98c-998b2297326, email: ronaldo.morais@alctel.com.br, cpf: 37002490630, protocolo: 1825133340777, navegacao: MenuInicial_Digital|4-Saúde|7-Segurança e Saúde no Trabalho (SST)|2 - Segurança e Saúde no Trabalho (SST) em Belo Horizonte, emailCliente: , cancel: False
2025-10-16 15:49:47.076 [Information] [ee7d2888-4677-4b3a-b98c-998b2297326] Usuário não logado no GT. Logando...
2025-10-16 15:49:49.307 [Information] [ee7d2888-4677-4b3a-b98c-998b2297326] {"idPerfil":0,"idUser":0,"perfil":null,"nomeCompleto":null,"statusUser":false,"statusPerfil":false}
2025-10-16 15:50:14.075 [Error] [ee7d2888-4677-4b3a-b98c-998b2297326] Erro nos dados do usuário...
2025-10-16 15:50:17.411 [Information] [ee7d2888-4677-4b3a-b98c-998b2297326] nomeFila: teste, conversastionid: ee7d2888-4677-4b3a-b98c-998b2297326, email: ronaldo.morais@alctel.com.br, cpf: 37002490630, protocolo: 1825133340777, navegacao: MenuInicial_Digital|4-Saúde|7-Segurança e Saúde no Trabalho (SST)|2 - Segurança e Saúde no Trabalho (SST) em Belo Horizonte, emailCliente: , cancel: False
2025-10-16 15:50:17.414 [Information] [ee7d2888-4677-4b3a-b98c-998b2297326] Usuário não logado no GT. Logando...
2025-10-16 15:50:19.595 [Information] [ee7d2888-4677-4b3a-b98c-998b2297326] {"idPerfil":0,"idUser":0,"perfil":null,"nomeCompleto":null,"statusUser":false,"statusPerfil":false}
2025-10-16 15:50:26.352 [Error] [ee7d2888-4677-4b3a-b98c-998b2297326] Erro nos dados do usuário...
2025-10-16 15:50:37.931 [Information] [ee7d2888-4677-4b3a-b98c-998b2297326] nomeFila: teste, conversastionid: ee7d2888-4677-4b3a-b98c-998b2297326, email: ronaldo.morais@alctel.com.br, cpf: 37002490630, protocolo: 1825133340777, navegacao: MenuInicial_Digital|4-Saúde|7-Segurança e Saúde no Trabalho (SST)|2 - Segurança e Saúde no Trabalho (SST) em Belo Horizonte, emailCliente: , cancel: False
2025-10-16 15:50:43.765 [Information] [ee7d2888-4677-4b3a-b98c-998b2297326] Usuário não logado no GT. Logando...
2025-10-16 15:51:05.901 [Information] [ee7d2888-4677-4b3a-b98c-998b2297326] {"idPerfil":1,"idUser":30,"perfil":"Administrador","nomeCompleto":"Ronaldo Aparecido de Souza Morais","statusUser":true,"statusPerfil":true}
2025-10-16 15:51:10.717 [Information] [ee7d2888-4677-4b3a-b98c-998b2297326] Usuário localizado. Criando sessão...
